
[92884] 22.05.2019 13:18:13 
Create new user START: ofofofofo

[92884] 22.05.2019 13:18:13 
Starting new HTTPS connection (1): demo.epay.bg:443

[92884] 22.05.2019 13:18:13 
https://demo.epay.bg:443 "GET /xdev/api/api/code/get?APPID=6609898197243081281733444125044765054179316360618564706359682755&DEVICEID=8614396149&KEY=87182982 HTTP/1.1" 200 150

[59933] 23.05.2019 10:06:47 
Create new user START: ldldldldl

[99965] 23.05.2019 10:08:57 
Create new user START: dsdwds

[99965] 23.05.2019 10:08:58 
USER REDIRECTED TO EPAY: dsdwds

[99965] 23.05.2019 10:08:58 
Starting new HTTPS connection (1): demo.epay.bg:443

[99965] 23.05.2019 10:08:58 
https://demo.epay.bg:443 "GET /xdev/api/api/code/get?APPID=6609898197243081281733444125044765054179316360618564706359682755&DEVICEID=dsdwds_1721555601&KEY=37886918 HTTP/1.1" 200 150

[99965] 23.05.2019 10:09:01 
Starting new HTTPS connection (1): demo.epay.bg:443

[99965] 23.05.2019 10:09:01 
https://demo.epay.bg:443 "GET /xdev/api/api/code/get?APPID=6609898197243081281733444125044765054179316360618564706359682755&DEVICEID=dsdwds_1721555601&KEY=37886918 HTTP/1.1" 200 148

[99965] 23.05.2019 10:09:04 
Starting new HTTPS connection (1): demo.epay.bg:443

[99965] 23.05.2019 10:09:04 
https://demo.epay.bg:443 "GET /xdev/api/api/code/get?APPID=6609898197243081281733444125044765054179316360618564706359682755&DEVICEID=dsdwds_1721555601&KEY=37886918 HTTP/1.1" 200 150

[99965] 23.05.2019 10:09:07 
Starting new HTTPS connection (1): demo.epay.bg:443

[99965] 23.05.2019 10:09:07 
https://demo.epay.bg:443 "GET /xdev/api/api/code/get?APPID=6609898197243081281733444125044765054179316360618564706359682755&DEVICEID=dsdwds_1721555601&KEY=37886918 HTTP/1.1" 200 149

[99965] 23.05.2019 10:09:10 
Starting new HTTPS connection (1): demo.epay.bg:443

[99965] 23.05.2019 10:09:10 
https://demo.epay.bg:443 "GET /xdev/api/api/code/get?APPID=6609898197243081281733444125044765054179316360618564706359682755&DEVICEID=dsdwds_1721555601&KEY=37886918 HTTP/1.1" 200 149

[99965] 23.05.2019 10:09:13 
Starting new HTTPS connection (1): demo.epay.bg:443

[99965] 23.05.2019 10:09:13 
https://demo.epay.bg:443 "GET /xdev/api/api/code/get?APPID=6609898197243081281733444125044765054179316360618564706359682755&DEVICEID=dsdwds_1721555601&KEY=37886918 HTTP/1.1" 200 209

[99965] 23.05.2019 10:09:16 
Starting new HTTPS connection (1): demo.epay.bg:443

[99965] 23.05.2019 10:09:16 
https://demo.epay.bg:443 "GET /xdev/api/api/code/get?APPID=6609898197243081281733444125044765054179316360618564706359682755&DEVICEID=dsdwds_1721555601&KEY=37886918 HTTP/1.1" 200 111

[99965] 23.05.2019 10:09:16 
GET CODE SUCCESS: {'code': '1KUZQm61w5E5G8H5r917l175g2bS6lZX0UgRtreNGYLr_aktRv4xXpcR9dNiD2iSXcg', 'status': 'OK'}

[99965] 23.05.2019 10:09:16 
Starting new HTTPS connection (1): demo.epay.bg:443

[99965] 23.05.2019 10:09:16 
https://demo.epay.bg:443 "GET /xdev/api/api/token/get?APPID=6609898197243081281733444125044765054179316360618564706359682755&DEVICEID=dsdwds_1721555601&KEY=37886918&CODE=1KUZQm61w5E5G8H5r917l175g2bS6lZX0UgRtreNGYLr_aktRv4xXpcR9dNiD2iSXcg HTTP/1.1" 200 152

[99965] 23.05.2019 10:09:16 
GET TOKEN SUCCESS: {'EXPIRES': 1651907356, 'USERNAME': 'rand_FuM9eNzukp', 'TOKEN': '00000000000000000026182792685951', 'status': 'OK', 'REALNAME': 'Quick Authorization', 'KIN': '3640172959'}

[51506] 23.05.2019 12:58:17 
Create new user START: kgkgkgk

[51506] 23.05.2019 12:58:17 
USER REDIRECTED TO EPAY: kgkgkgk

[51506] 23.05.2019 12:58:17 
Starting new HTTPS connection (1): demo.epay.bg:443

[51506] 23.05.2019 12:58:17 
https://demo.epay.bg:443 "GET /xdev/api/api/code/get?APPID=6609898197243081281733444125044765054179316360618564706359682755&DEVICEID=kgkgkgk_3351322967&KEY=19457215 HTTP/1.1" 200 149

[51506] 23.05.2019 12:58:20 
Starting new HTTPS connection (1): demo.epay.bg:443

[51506] 23.05.2019 12:58:20 
https://demo.epay.bg:443 "GET /xdev/api/api/code/get?APPID=6609898197243081281733444125044765054179316360618564706359682755&DEVICEID=kgkgkgk_3351322967&KEY=19457215 HTTP/1.1" 200 149

[51506] 23.05.2019 12:58:23 
Starting new HTTPS connection (1): demo.epay.bg:443

[51506] 23.05.2019 12:58:23 
https://demo.epay.bg:443 "GET /xdev/api/api/code/get?APPID=6609898197243081281733444125044765054179316360618564706359682755&DEVICEID=kgkgkgk_3351322967&KEY=19457215 HTTP/1.1" 200 149

[51506] 23.05.2019 12:58:26 
Starting new HTTPS connection (1): demo.epay.bg:443

[51506] 23.05.2019 12:58:26 
https://demo.epay.bg:443 "GET /xdev/api/api/code/get?APPID=6609898197243081281733444125044765054179316360618564706359682755&DEVICEID=kgkgkgk_3351322967&KEY=19457215 HTTP/1.1" 200 150

[51506] 23.05.2019 12:58:29 
Starting new HTTPS connection (1): demo.epay.bg:443

[51506] 23.05.2019 12:58:29 
https://demo.epay.bg:443 "GET /xdev/api/api/code/get?APPID=6609898197243081281733444125044765054179316360618564706359682755&DEVICEID=kgkgkgk_3351322967&KEY=19457215 HTTP/1.1" 200 150

[51506] 23.05.2019 12:58:32 
Starting new HTTPS connection (1): demo.epay.bg:443

[51506] 23.05.2019 12:58:32 
https://demo.epay.bg:443 "GET /xdev/api/api/code/get?APPID=6609898197243081281733444125044765054179316360618564706359682755&DEVICEID=kgkgkgk_3351322967&KEY=19457215 HTTP/1.1" 200 211

[51506] 23.05.2019 12:58:35 
Starting new HTTPS connection (1): demo.epay.bg:443

[51506] 23.05.2019 12:58:35 
https://demo.epay.bg:443 "GET /xdev/api/api/code/get?APPID=6609898197243081281733444125044765054179316360618564706359682755&DEVICEID=kgkgkgk_3351322967&KEY=19457215 HTTP/1.1" 200 110

[51506] 23.05.2019 12:58:35 
GET CODE SUCCESS: {'status': 'OK', 'code': 'nRJmd7X1K5j5g886R0p7L3v1v0A8PfTHXcF5KqH56zVtKsP6FUCDLunFJ6lK1Ff1Row'}

[51506] 23.05.2019 12:58:35 
Starting new HTTPS connection (1): demo.epay.bg:443

[51506] 23.05.2019 12:58:35 
https://demo.epay.bg:443 "GET /xdev/api/api/token/get?APPID=6609898197243081281733444125044765054179316360618564706359682755&DEVICEID=kgkgkgk_3351322967&KEY=19457215&CODE=nRJmd7X1K5j5g886R0p7L3v1v0A8PfTHXcF5KqH56zVtKsP6FUCDLunFJ6lK1Ff1Row HTTP/1.1" 200 152

[51506] 23.05.2019 12:58:35 
GET TOKEN SUCCESS: {'KIN': '6001127167', 'EXPIRES': 1651917515, 'status': 'OK', 'REALNAME': 'Quick Authorization', 'TOKEN': '00000000000000000747510193813139', 'USERNAME': 'rand_fCICvWEnrP'}

[18035] 23.05.2019 13:13:32 
Create new user START: jgjgjg

[18035] 23.05.2019 13:13:32 
USER REDIRECTED TO EPAY: jgjgjg

[18035] 23.05.2019 13:13:32 
Starting new HTTPS connection (1): demo.epay.bg:443

[18035] 23.05.2019 13:13:33 
https://demo.epay.bg:443 "GET /xdev/api/api/code/get?APPID=6609898197243081281733444125044765054179316360618564706359682755&DEVICEID=jgjgjg_6034976443&KEY=84617488 HTTP/1.1" 200 150

[18035] 23.05.2019 13:13:36 
Starting new HTTPS connection (1): demo.epay.bg:443

[18035] 23.05.2019 13:13:36 
https://demo.epay.bg:443 "GET /xdev/api/api/code/get?APPID=6609898197243081281733444125044765054179316360618564706359682755&DEVICEID=jgjgjg_6034976443&KEY=84617488 HTTP/1.1" 200 150

[18035] 23.05.2019 13:13:39 
Starting new HTTPS connection (1): demo.epay.bg:443

[18035] 23.05.2019 13:13:39 
https://demo.epay.bg:443 "GET /xdev/api/api/code/get?APPID=6609898197243081281733444125044765054179316360618564706359682755&DEVICEID=jgjgjg_6034976443&KEY=84617488 HTTP/1.1" 200 148

[18035] 23.05.2019 13:13:42 
Starting new HTTPS connection (1): demo.epay.bg:443

[18035] 23.05.2019 13:13:42 
https://demo.epay.bg:443 "GET /xdev/api/api/code/get?APPID=6609898197243081281733444125044765054179316360618564706359682755&DEVICEID=jgjgjg_6034976443&KEY=84617488 HTTP/1.1" 200 150

[18035] 23.05.2019 13:13:45 
Starting new HTTPS connection (1): demo.epay.bg:443

[18035] 23.05.2019 13:13:45 
https://demo.epay.bg:443 "GET /xdev/api/api/code/get?APPID=6609898197243081281733444125044765054179316360618564706359682755&DEVICEID=jgjgjg_6034976443&KEY=84617488 HTTP/1.1" 200 210

[18035] 23.05.2019 13:13:48 
Starting new HTTPS connection (1): demo.epay.bg:443

[18035] 23.05.2019 13:13:48 
https://demo.epay.bg:443 "GET /xdev/api/api/code/get?APPID=6609898197243081281733444125044765054179316360618564706359682755&DEVICEID=jgjgjg_6034976443&KEY=84617488 HTTP/1.1" 200 111

[18035] 23.05.2019 13:13:48 
GET CODE SUCCESS: {'code': '6gA8i1O5O5x8e6E0y8G2r2e5VtvOUZyhS_FlywKJijqEfpEYFFq3tkf1lFHGy-E6GCQ', 'status': 'OK'}

[18035] 23.05.2019 13:13:48 
Starting new HTTPS connection (1): demo.epay.bg:443

[18035] 23.05.2019 13:13:48 
https://demo.epay.bg:443 "GET /xdev/api/api/token/get?APPID=6609898197243081281733444125044765054179316360618564706359682755&DEVICEID=jgjgjg_6034976443&KEY=84617488&CODE=6gA8i1O5O5x8e6E0y8G2r2e5VtvOUZyhS_FlywKJijqEfpEYFFq3tkf1lFHGy-E6GCQ HTTP/1.1" 200 151

[18035] 23.05.2019 13:13:48 
GET TOKEN SUCCESS: {'USERNAME': 'rand_F96f7PPT5U', 'REALNAME': 'Quick Authorization', 'TOKEN': '00000000000000000134625625131765', 'KIN': '9764380550', 'EXPIRES': 1651918428, 'status': 'OK'}

[43068] 23.05.2019 13:14:27 
Create new user START: lglglg

[43068] 23.05.2019 13:14:27 
USER REDIRECTED TO EPAY: lglglg

[43068] 23.05.2019 13:14:27 
Starting new HTTPS connection (1): demo.epay.bg:443

[43068] 23.05.2019 13:14:27 
https://demo.epay.bg:443 "GET /xdev/api/api/code/get?APPID=6609898197243081281733444125044765054179316360618564706359682755&DEVICEID=lglglg_8876317553&KEY=46951190 HTTP/1.1" 200 150

[43068] 23.05.2019 13:14:30 
Starting new HTTPS connection (1): demo.epay.bg:443

[43068] 23.05.2019 13:14:30 
https://demo.epay.bg:443 "GET /xdev/api/api/code/get?APPID=6609898197243081281733444125044765054179316360618564706359682755&DEVICEID=lglglg_8876317553&KEY=46951190 HTTP/1.1" 200 149

[43068] 23.05.2019 13:14:33 
Starting new HTTPS connection (1): demo.epay.bg:443

[43068] 23.05.2019 13:14:33 
https://demo.epay.bg:443 "GET /xdev/api/api/code/get?APPID=6609898197243081281733444125044765054179316360618564706359682755&DEVICEID=lglglg_8876317553&KEY=46951190 HTTP/1.1" 200 149

[43068] 23.05.2019 13:14:36 
Starting new HTTPS connection (1): demo.epay.bg:443

[43068] 23.05.2019 13:14:36 
https://demo.epay.bg:443 "GET /xdev/api/api/code/get?APPID=6609898197243081281733444125044765054179316360618564706359682755&DEVICEID=lglglg_8876317553&KEY=46951190 HTTP/1.1" 200 149

[43068] 23.05.2019 13:14:39 
Starting new HTTPS connection (1): demo.epay.bg:443

[43068] 23.05.2019 13:14:39 
https://demo.epay.bg:443 "GET /xdev/api/api/code/get?APPID=6609898197243081281733444125044765054179316360618564706359682755&DEVICEID=lglglg_8876317553&KEY=46951190 HTTP/1.1" 200 149

[43068] 23.05.2019 13:14:42 
Starting new HTTPS connection (1): demo.epay.bg:443

[43068] 23.05.2019 13:14:42 
https://demo.epay.bg:443 "GET /xdev/api/api/code/get?APPID=6609898197243081281733444125044765054179316360618564706359682755&DEVICEID=lglglg_8876317553&KEY=46951190 HTTP/1.1" 200 209

[43068] 23.05.2019 13:14:45 
Starting new HTTPS connection (1): demo.epay.bg:443

[43068] 23.05.2019 13:14:45 
https://demo.epay.bg:443 "GET /xdev/api/api/code/get?APPID=6609898197243081281733444125044765054179316360618564706359682755&DEVICEID=lglglg_8876317553&KEY=46951190 HTTP/1.1" 200 111

[43068] 23.05.2019 13:14:45 
GET CODE SUCCESS: {'code': 'wRhZ30df6dm1i5s5x8o6y0i8h2I8U0ezxnDs2LFt-c3tUrF33dG6S_dLpko5NF9VgDc', 'status': 'OK'}

[43068] 23.05.2019 13:14:45 
Starting new HTTPS connection (1): demo.epay.bg:443

[43068] 23.05.2019 13:14:45 
https://demo.epay.bg:443 "GET /xdev/api/api/token/get?APPID=6609898197243081281733444125044765054179316360618564706359682755&DEVICEID=lglglg_8876317553&KEY=46951190&CODE=wRhZ30df6dm1i5s5x8o6y0i8h2I8U0ezxnDs2LFt-c3tUrF33dG6S_dLpko5NF9VgDc HTTP/1.1" 200 149

[43068] 23.05.2019 13:14:45 
GET TOKEN SUCCESS: {'KIN': '6633332934', 'EXPIRES': 1651918485, 'status': 'OK', 'REALNAME': 'Quick Authorization', 'TOKEN': '00000000000000000836977793605934', 'USERNAME': 'rand_3kqk8JtUfK'}

[35772] 23.05.2019 13:16:16 
Create new user START: plpl

[35772] 23.05.2019 13:16:16 
USER REDIRECTED TO EPAY: plpl

[35772] 23.05.2019 13:16:16 
Starting new HTTPS connection (1): demo.epay.bg:443

[35772] 23.05.2019 13:16:16 
https://demo.epay.bg:443 "GET /xdev/api/api/code/get?APPID=6609898197243081281733444125044765054179316360618564706359682755&DEVICEID=plpl_3778131533&KEY=55210445 HTTP/1.1" 200 149

[35772] 23.05.2019 13:16:19 
Starting new HTTPS connection (1): demo.epay.bg:443

[35772] 23.05.2019 13:16:19 
https://demo.epay.bg:443 "GET /xdev/api/api/code/get?APPID=6609898197243081281733444125044765054179316360618564706359682755&DEVICEID=plpl_3778131533&KEY=55210445 HTTP/1.1" 200 150

[35772] 23.05.2019 13:16:22 
Starting new HTTPS connection (1): demo.epay.bg:443

[35772] 23.05.2019 13:16:22 
https://demo.epay.bg:443 "GET /xdev/api/api/code/get?APPID=6609898197243081281733444125044765054179316360618564706359682755&DEVICEID=plpl_3778131533&KEY=55210445 HTTP/1.1" 200 150

[35772] 23.05.2019 13:16:25 
Starting new HTTPS connection (1): demo.epay.bg:443

[35772] 23.05.2019 13:16:25 
https://demo.epay.bg:443 "GET /xdev/api/api/code/get?APPID=6609898197243081281733444125044765054179316360618564706359682755&DEVICEID=plpl_3778131533&KEY=55210445 HTTP/1.1" 200 150

[35772] 23.05.2019 13:16:28 
Starting new HTTPS connection (1): demo.epay.bg:443

[35772] 23.05.2019 13:16:28 
https://demo.epay.bg:443 "GET /xdev/api/api/code/get?APPID=6609898197243081281733444125044765054179316360618564706359682755&DEVICEID=plpl_3778131533&KEY=55210445 HTTP/1.1" 200 148

[35772] 23.05.2019 13:16:31 
Starting new HTTPS connection (1): demo.epay.bg:443

[35772] 23.05.2019 13:16:32 
https://demo.epay.bg:443 "GET /xdev/api/api/code/get?APPID=6609898197243081281733444125044765054179316360618564706359682755&DEVICEID=plpl_3778131533&KEY=55210445 HTTP/1.1" 200 150

[35772] 23.05.2019 13:16:35 
Starting new HTTPS connection (1): demo.epay.bg:443

[35772] 23.05.2019 13:16:35 
https://demo.epay.bg:443 "GET /xdev/api/api/code/get?APPID=6609898197243081281733444125044765054179316360618564706359682755&DEVICEID=plpl_3778131533&KEY=55210445 HTTP/1.1" 200 209

[35772] 23.05.2019 13:16:38 
Starting new HTTPS connection (1): demo.epay.bg:443

[35772] 23.05.2019 13:16:38 
https://demo.epay.bg:443 "GET /xdev/api/api/code/get?APPID=6609898197243081281733444125044765054179316360618564706359682755&DEVICEID=plpl_3778131533&KEY=55210445 HTTP/1.1" 200 110

[35772] 23.05.2019 13:16:38 
GET CODE SUCCESS: {'status': 'OK', 'code': 'LgXDdtWHmM1P5l5X8r6z088I3z9h37ST24YLlUr0MAhwNl2WoMbNHOXBKQ0TVqj011s'}

[35772] 23.05.2019 13:16:38 
Starting new HTTPS connection (1): demo.epay.bg:443

[35772] 23.05.2019 13:16:38 
https://demo.epay.bg:443 "GET /xdev/api/api/token/get?APPID=6609898197243081281733444125044765054179316360618564706359682755&DEVICEID=plpl_3778131533&KEY=55210445&CODE=LgXDdtWHmM1P5l5X8r6z088I3z9h37ST24YLlUr0MAhwNl2WoMbNHOXBKQ0TVqj011s HTTP/1.1" 200 152

[35772] 23.05.2019 13:16:38 
GET TOKEN SUCCESS: {'status': 'OK', 'EXPIRES': 1651918598, 'KIN': '2355276116', 'REALNAME': 'Quick Authorization', 'TOKEN': '00000000000000000855936633193653', 'USERNAME': 'rand_mXcqODHTq2'}

[12760] 23.05.2019 13:18:06 
Create new user START: ogogog

[12760] 23.05.2019 13:18:06 
USER REDIRECTED TO EPAY: ogogog

[12760] 23.05.2019 13:18:06 
Starting new HTTPS connection (1): demo.epay.bg:443

[12760] 23.05.2019 13:18:06 
https://demo.epay.bg:443 "GET /xdev/api/api/code/get?APPID=6609898197243081281733444125044765054179316360618564706359682755&DEVICEID=ogogog_7541098841&KEY=92162517 HTTP/1.1" 200 150

[12760] 23.05.2019 13:18:09 
Starting new HTTPS connection (1): demo.epay.bg:443

[12760] 23.05.2019 13:18:09 
https://demo.epay.bg:443 "GET /xdev/api/api/code/get?APPID=6609898197243081281733444125044765054179316360618564706359682755&DEVICEID=ogogog_7541098841&KEY=92162517 HTTP/1.1" 200 150

[12760] 23.05.2019 13:18:12 
Starting new HTTPS connection (1): demo.epay.bg:443

[12760] 23.05.2019 13:18:12 
https://demo.epay.bg:443 "GET /xdev/api/api/code/get?APPID=6609898197243081281733444125044765054179316360618564706359682755&DEVICEID=ogogog_7541098841&KEY=92162517 HTTP/1.1" 200 150

[12760] 23.05.2019 13:18:15 
Starting new HTTPS connection (1): demo.epay.bg:443

[12760] 23.05.2019 13:18:15 
https://demo.epay.bg:443 "GET /xdev/api/api/code/get?APPID=6609898197243081281733444125044765054179316360618564706359682755&DEVICEID=ogogog_7541098841&KEY=92162517 HTTP/1.1" 200 148

[12760] 23.05.2019 13:18:18 
Starting new HTTPS connection (1): demo.epay.bg:443

[12760] 23.05.2019 13:18:18 
https://demo.epay.bg:443 "GET /xdev/api/api/code/get?APPID=6609898197243081281733444125044765054179316360618564706359682755&DEVICEID=ogogog_7541098841&KEY=92162517 HTTP/1.1" 200 149

[12760] 23.05.2019 13:18:21 
Starting new HTTPS connection (1): demo.epay.bg:443

[12760] 23.05.2019 13:18:21 
https://demo.epay.bg:443 "GET /xdev/api/api/code/get?APPID=6609898197243081281733444125044765054179316360618564706359682755&DEVICEID=ogogog_7541098841&KEY=92162517 HTTP/1.1" 200 149

[12760] 23.05.2019 13:18:24 
Starting new HTTPS connection (1): demo.epay.bg:443

[12760] 23.05.2019 13:18:24 
https://demo.epay.bg:443 "GET /xdev/api/api/code/get?APPID=6609898197243081281733444125044765054179316360618564706359682755&DEVICEID=ogogog_7541098841&KEY=92162517 HTTP/1.1" 200 149

[12760] 23.05.2019 13:18:27 
Starting new HTTPS connection (1): demo.epay.bg:443

[12760] 23.05.2019 13:18:27 
https://demo.epay.bg:443 "GET /xdev/api/api/code/get?APPID=6609898197243081281733444125044765054179316360618564706359682755&DEVICEID=ogogog_7541098841&KEY=92162517 HTTP/1.1" 200 150

[12760] 23.05.2019 13:18:30 
Starting new HTTPS connection (1): demo.epay.bg:443

[12760] 23.05.2019 13:18:30 
https://demo.epay.bg:443 "GET /xdev/api/api/code/get?APPID=6609898197243081281733444125044765054179316360618564706359682755&DEVICEID=ogogog_7541098841&KEY=92162517 HTTP/1.1" 200 149

[12760] 23.05.2019 13:18:33 
Starting new HTTPS connection (1): demo.epay.bg:443

[12760] 23.05.2019 13:18:33 
https://demo.epay.bg:443 "GET /xdev/api/api/code/get?APPID=6609898197243081281733444125044765054179316360618564706359682755&DEVICEID=ogogog_7541098841&KEY=92162517 HTTP/1.1" 200 149

[12760] 23.05.2019 13:18:36 
Starting new HTTPS connection (1): demo.epay.bg:443

[12760] 23.05.2019 13:18:36 
https://demo.epay.bg:443 "GET /xdev/api/api/code/get?APPID=6609898197243081281733444125044765054179316360618564706359682755&DEVICEID=ogogog_7541098841&KEY=92162517 HTTP/1.1" 200 150

[12760] 23.05.2019 13:18:39 
Starting new HTTPS connection (1): demo.epay.bg:443

[12760] 23.05.2019 13:18:40 
https://demo.epay.bg:443 "GET /xdev/api/api/code/get?APPID=6609898197243081281733444125044765054179316360618564706359682755&DEVICEID=ogogog_7541098841&KEY=92162517 HTTP/1.1" 200 211

[12760] 23.05.2019 13:18:43 
Starting new HTTPS connection (1): demo.epay.bg:443

[12760] 23.05.2019 13:18:43 
https://demo.epay.bg:443 "GET /xdev/api/api/code/get?APPID=6609898197243081281733444125044765054179316360618564706359682755&DEVICEID=ogogog_7541098841&KEY=92162517 HTTP/1.1" 200 111

[12760] 23.05.2019 13:18:43 
GET CODE SUCCESS: {'code': 'n2BE51j5C558w6t0h8O5g1a8xPsEEOkZGyVQj30JnzW8LK65YvurkjOWn8FxG-6IqJc', 'status': 'OK'}

[12760] 23.05.2019 13:18:43 
Starting new HTTPS connection (1): demo.epay.bg:443

[12760] 23.05.2019 13:18:43 
https://demo.epay.bg:443 "GET /xdev/api/api/token/get?APPID=6609898197243081281733444125044765054179316360618564706359682755&DEVICEID=ogogog_7541098841&KEY=92162517&CODE=n2BE51j5C558w6t0h8O5g1a8xPsEEOkZGyVQj30JnzW8LK65YvurkjOWn8FxG-6IqJc HTTP/1.1" 200 151

[12760] 23.05.2019 13:18:43 
GET TOKEN SUCCESS: {'USERNAME': 'rand_z8GY1Wfh3Z', 'REALNAME': 'Quick Authorization', 'TOKEN': '00000000000000000648523193282097', 'EXPIRES': 1651918723, 'KIN': '0053156814', 'status': 'OK'}

[36760] 23.05.2019 13:19:44 
Create new user START: ogogogo

[36760] 23.05.2019 13:19:44 
USER REDIRECTED TO EPAY: ogogogo

[36760] 23.05.2019 13:19:44 
Starting new HTTPS connection (1): demo.epay.bg:443

[36760] 23.05.2019 13:19:44 
https://demo.epay.bg:443 "GET /xdev/api/api/code/get?APPID=6609898197243081281733444125044765054179316360618564706359682755&DEVICEID=ogogogo_9922632563&KEY=76660252 HTTP/1.1" 200 150

[36760] 23.05.2019 13:19:47 
Starting new HTTPS connection (1): demo.epay.bg:443

[36760] 23.05.2019 13:19:47 
https://demo.epay.bg:443 "GET /xdev/api/api/code/get?APPID=6609898197243081281733444125044765054179316360618564706359682755&DEVICEID=ogogogo_9922632563&KEY=76660252 HTTP/1.1" 200 150

[36760] 23.05.2019 13:19:50 
Starting new HTTPS connection (1): demo.epay.bg:443

[36760] 23.05.2019 13:19:50 
https://demo.epay.bg:443 "GET /xdev/api/api/code/get?APPID=6609898197243081281733444125044765054179316360618564706359682755&DEVICEID=ogogogo_9922632563&KEY=76660252 HTTP/1.1" 200 150

[36760] 23.05.2019 13:19:53 
Starting new HTTPS connection (1): demo.epay.bg:443

[36760] 23.05.2019 13:19:53 
https://demo.epay.bg:443 "GET /xdev/api/api/code/get?APPID=6609898197243081281733444125044765054179316360618564706359682755&DEVICEID=ogogogo_9922632563&KEY=76660252 HTTP/1.1" 200 150

[36760] 23.05.2019 13:19:56 
Starting new HTTPS connection (1): demo.epay.bg:443

[36760] 23.05.2019 13:19:57 
https://demo.epay.bg:443 "GET /xdev/api/api/code/get?APPID=6609898197243081281733444125044765054179316360618564706359682755&DEVICEID=ogogogo_9922632563&KEY=76660252 HTTP/1.1" 200 150

[36760] 23.05.2019 13:20:00 
Starting new HTTPS connection (1): demo.epay.bg:443

[36760] 23.05.2019 13:20:00 
https://demo.epay.bg:443 "GET /xdev/api/api/code/get?APPID=6609898197243081281733444125044765054179316360618564706359682755&DEVICEID=ogogogo_9922632563&KEY=76660252 HTTP/1.1" 200 209

[36760] 23.05.2019 13:20:03 
Starting new HTTPS connection (1): demo.epay.bg:443

[36760] 23.05.2019 13:20:03 
https://demo.epay.bg:443 "GET /xdev/api/api/code/get?APPID=6609898197243081281733444125044765054179316360618564706359682755&DEVICEID=ogogogo_9922632563&KEY=76660252 HTTP/1.1" 200 110

[36760] 23.05.2019 13:20:03 
GET CODE SUCCESS: {'status': 'OK', 'code': '1I4MD0cQojuqHX1u5f5X8o62048Q5R9S72cEFPfeqrYtrPIbP0MNNtHDAiZ8vdShkR8'}

[36760] 23.05.2019 13:20:03 
Starting new HTTPS connection (1): demo.epay.bg:443

[36760] 23.05.2019 13:20:03 
https://demo.epay.bg:443 "GET /xdev/api/api/token/get?APPID=6609898197243081281733444125044765054179316360618564706359682755&DEVICEID=ogogogo_9922632563&KEY=76660252&CODE=1I4MD0cQojuqHX1u5f5X8o62048Q5R9S72cEFPfeqrYtrPIbP0MNNtHDAiZ8vdShkR8 HTTP/1.1" 200 152

[36760] 23.05.2019 13:20:03 
GET TOKEN SUCCESS: {'REALNAME': 'Quick Authorization', 'TOKEN': '00000000000000000206137999129553', 'status': 'OK', 'EXPIRES': 1651918803, 'KIN': '6288773523', 'USERNAME': 'rand_3vhYVGmA7B'}

[68198] 23.05.2019 15:51:20

[68198] 23.05.2019 15:51:21

[68198] 23.05.2019 15:51:21

[68198] 23.05.2019 15:51:21

[36127] 23.05.2019 15:52:10 
Create new user START: iimi

[36127] 23.05.2019 15:52:10 
USER REDIRECTED TO EPAY: iimi

[36127] 23.05.2019 15:52:10 
Starting new HTTPS connection (1): demo.epay.bg:443

[36127] 23.05.2019 15:52:10 
https://demo.epay.bg:443 "GET /xdev/api/api/code/get?APPID=6609898197243081281733444125044765054179316360618564706359682755&DEVICEID=iimi_1098606746&KEY=35151664 HTTP/1.1" 200 149

[36127] 23.05.2019 15:52:13 
Starting new HTTPS connection (1): demo.epay.bg:443

[36127] 23.05.2019 15:52:14 
https://demo.epay.bg:443 "GET /xdev/api/api/code/get?APPID=6609898197243081281733444125044765054179316360618564706359682755&DEVICEID=iimi_1098606746&KEY=35151664 HTTP/1.1" 200 149

[56592] 23.05.2019 16:39:34 
Create new user START:         'APPID': data['APPID'],

[56592] 23.05.2019 16:39:34 
USER REDIRECTED TO EPAY:         'APPID': data['APPID'],

[56592] 23.05.2019 16:39:34 
Starting new HTTPS connection (1): demo.epay.bg:443

[56592] 23.05.2019 16:39:35 
https://demo.epay.bg:443 "GET /xdev/api/api/code/get?APPID=6609898197243081281733444125044765054179316360618564706359682755&DEVICEID=++++++++%27APPID%27%3A+data%5B%27APPID%27%5D%2C_1604806873&KEY=67487424 HTTP/1.1" 200 148

[56592] 23.05.2019 16:39:38 
Starting new HTTPS connection (1): demo.epay.bg:443

[56592] 23.05.2019 16:39:38 
https://demo.epay.bg:443 "GET /xdev/api/api/code/get?APPID=6609898197243081281733444125044765054179316360618564706359682755&DEVICEID=++++++++%27APPID%27%3A+data%5B%27APPID%27%5D%2C_1604806873&KEY=67487424 HTTP/1.1" 200 149

[96189] 23.05.2019 16:39:59 
Create new user START: ogogogoogogogo

[96189] 23.05.2019 16:39:59 
USER REDIRECTED TO EPAY: ogogogoogogogo

[96189] 23.05.2019 16:39:59 
Starting new HTTPS connection (1): demo.epay.bg:443

[96189] 23.05.2019 16:39:59 
https://demo.epay.bg:443 "GET /xdev/api/api/code/get?APPID=6609898197243081281733444125044765054179316360618564706359682755&DEVICEID=ogogogoogogogo_5173174421&KEY=88892093 HTTP/1.1" 200 148

[96189] 23.05.2019 16:40:02 
Starting new HTTPS connection (1): demo.epay.bg:443

[96189] 23.05.2019 16:40:02 
https://demo.epay.bg:443 "GET /xdev/api/api/code/get?APPID=6609898197243081281733444125044765054179316360618564706359682755&DEVICEID=ogogogoogogogo_5173174421&KEY=88892093 HTTP/1.1" 200 149

[96189] 23.05.2019 16:40:05 
Starting new HTTPS connection (1): demo.epay.bg:443

[96189] 23.05.2019 16:40:05 
https://demo.epay.bg:443 "GET /xdev/api/api/code/get?APPID=6609898197243081281733444125044765054179316360618564706359682755&DEVICEID=ogogogoogogogo_5173174421&KEY=88892093 HTTP/1.1" 200 148

[96189] 23.05.2019 16:40:08 
Starting new HTTPS connection (1): demo.epay.bg:443

[96189] 23.05.2019 16:40:08 
https://demo.epay.bg:443 "GET /xdev/api/api/code/get?APPID=6609898197243081281733444125044765054179316360618564706359682755&DEVICEID=ogogogoogogogo_5173174421&KEY=88892093 HTTP/1.1" 200 150

[96189] 23.05.2019 16:40:11 
Starting new HTTPS connection (1): demo.epay.bg:443

[96189] 23.05.2019 16:40:12 
https://demo.epay.bg:443 "GET /xdev/api/api/code/get?APPID=6609898197243081281733444125044765054179316360618564706359682755&DEVICEID=ogogogoogogogo_5173174421&KEY=88892093 HTTP/1.1" 200 150

[96189] 23.05.2019 16:40:15 
Starting new HTTPS connection (1): demo.epay.bg:443

[96189] 23.05.2019 16:40:15 
https://demo.epay.bg:443 "GET /xdev/api/api/code/get?APPID=6609898197243081281733444125044765054179316360618564706359682755&DEVICEID=ogogogoogogogo_5173174421&KEY=88892093 HTTP/1.1" 200 150

[96189] 23.05.2019 16:40:18 
Starting new HTTPS connection (1): demo.epay.bg:443

[96189] 23.05.2019 16:40:18 
https://demo.epay.bg:443 "GET /xdev/api/api/code/get?APPID=6609898197243081281733444125044765054179316360618564706359682755&DEVICEID=ogogogoogogogo_5173174421&KEY=88892093 HTTP/1.1" 200 149

[96189] 23.05.2019 16:40:21 
Starting new HTTPS connection (1): demo.epay.bg:443

[96189] 23.05.2019 16:40:21 
https://demo.epay.bg:443 "GET /xdev/api/api/code/get?APPID=6609898197243081281733444125044765054179316360618564706359682755&DEVICEID=ogogogoogogogo_5173174421&KEY=88892093 HTTP/1.1" 200 150

[88514] 23.05.2019 16:40:55 
Create new user START: kagit

[88514] 23.05.2019 16:40:55 
USER REDIRECTED TO EPAY: kagit

[88514] 23.05.2019 16:40:55 
Starting new HTTPS connection (1): demo.epay.bg:443

[88514] 23.05.2019 16:40:56 
https://demo.epay.bg:443 "GET /xdev/api/api/code/get?APPID=6609898197243081281733444125044765054179316360618564706359682755&DEVICEID=kagit_6646354725&KEY=77015182 HTTP/1.1" 200 148

[88514] 23.05.2019 16:40:59 
Starting new HTTPS connection (1): demo.epay.bg:443

[88514] 23.05.2019 16:40:59 
https://demo.epay.bg:443 "GET /xdev/api/api/code/get?APPID=6609898197243081281733444125044765054179316360618564706359682755&DEVICEID=kagit_6646354725&KEY=77015182 HTTP/1.1" 200 150

[88514] 23.05.2019 16:41:02 
Starting new HTTPS connection (1): demo.epay.bg:443

[88514] 23.05.2019 16:41:02 
https://demo.epay.bg:443 "GET /xdev/api/api/code/get?APPID=6609898197243081281733444125044765054179316360618564706359682755&DEVICEID=kagit_6646354725&KEY=77015182 HTTP/1.1" 200 148

[88514] 23.05.2019 16:41:05 
Starting new HTTPS connection (1): demo.epay.bg:443

[88514] 23.05.2019 16:41:05 
https://demo.epay.bg:443 "GET /xdev/api/api/code/get?APPID=6609898197243081281733444125044765054179316360618564706359682755&DEVICEID=kagit_6646354725&KEY=77015182 HTTP/1.1" 200 150

[88514] 23.05.2019 16:41:08 
Starting new HTTPS connection (1): demo.epay.bg:443

[88514] 23.05.2019 16:41:08 
https://demo.epay.bg:443 "GET /xdev/api/api/code/get?APPID=6609898197243081281733444125044765054179316360618564706359682755&DEVICEID=kagit_6646354725&KEY=77015182 HTTP/1.1" 200 150

[88514] 23.05.2019 16:41:11 
Starting new HTTPS connection (1): demo.epay.bg:443

[88514] 23.05.2019 16:41:11 
https://demo.epay.bg:443 "GET /xdev/api/api/code/get?APPID=6609898197243081281733444125044765054179316360618564706359682755&DEVICEID=kagit_6646354725&KEY=77015182 HTTP/1.1" 200 150

[88514] 23.05.2019 16:41:14 
Starting new HTTPS connection (1): demo.epay.bg:443

[88514] 23.05.2019 16:41:14 
https://demo.epay.bg:443 "GET /xdev/api/api/code/get?APPID=6609898197243081281733444125044765054179316360618564706359682755&DEVICEID=kagit_6646354725&KEY=77015182 HTTP/1.1" 200 150

[88514] 23.05.2019 16:41:17 
Starting new HTTPS connection (1): demo.epay.bg:443

[88514] 23.05.2019 16:41:18 
https://demo.epay.bg:443 "GET /xdev/api/api/code/get?APPID=6609898197243081281733444125044765054179316360618564706359682755&DEVICEID=kagit_6646354725&KEY=77015182 HTTP/1.1" 200 211

[88514] 23.05.2019 16:41:21 
Starting new HTTPS connection (1): demo.epay.bg:443

[88514] 23.05.2019 16:41:21 
https://demo.epay.bg:443 "GET /xdev/api/api/code/get?APPID=6609898197243081281733444125044765054179316360618564706359682755&DEVICEID=kagit_6646354725&KEY=77015182 HTTP/1.1" 200 110

[88514] 23.05.2019 16:41:21 
GET CODE SUCCESS: {'status': 'OK', 'code': 'CSZSBTO1c595z8o6k2f0j667n6fsmWcEaEur564QhSJv4jF_vAsJPqAAZ7oZrTX24Zc'}

[88514] 23.05.2019 16:41:21 
Starting new HTTPS connection (1): demo.epay.bg:443

[88514] 23.05.2019 16:41:21 
https://demo.epay.bg:443 "GET /xdev/api/api/token/get?APPID=6609898197243081281733444125044765054179316360618564706359682755&DEVICEID=kagit_6646354725&KEY=77015182&CODE=CSZSBTO1c595z8o6k2f0j667n6fsmWcEaEur564QhSJv4jF_vAsJPqAAZ7oZrTX24Zc HTTP/1.1" 200 152

[88514] 23.05.2019 16:41:21 
GET TOKEN SUCCESS: {'REALNAME': 'Quick Authorization', 'TOKEN': '00000000000000000279790234397256', 'EXPIRES': 1651930881, 'USERNAME': 'rand_prpj2hqiBv', 'KIN': '4243250106', 'status': 'OK'}

[97624] 23.05.2019 16:42:49 
Create new user START: kagit

[97624] 23.05.2019 16:42:49 
USER REDIRECTED TO EPAY: kagit

[97624] 23.05.2019 16:42:49 
Starting new HTTPS connection (1): demo.epay.bg:443

[97624] 23.05.2019 16:42:50 
https://demo.epay.bg:443 "GET /xdev/api/api/code/get?APPID=6609898197243081281733444125044765054179316360618564706359682755&DEVICEID=kagit_1501239461&KEY=15780547 HTTP/1.1" 200 150

[97624] 23.05.2019 16:42:53 
Starting new HTTPS connection (1): demo.epay.bg:443

[97624] 23.05.2019 16:42:53 
https://demo.epay.bg:443 "GET /xdev/api/api/code/get?APPID=6609898197243081281733444125044765054179316360618564706359682755&DEVICEID=kagit_1501239461&KEY=15780547 HTTP/1.1" 200 149

[97624] 23.05.2019 16:42:56 
Starting new HTTPS connection (1): demo.epay.bg:443

[97624] 23.05.2019 16:42:56 
https://demo.epay.bg:443 "GET /xdev/api/api/code/get?APPID=6609898197243081281733444125044765054179316360618564706359682755&DEVICEID=kagit_1501239461&KEY=15780547 HTTP/1.1" 200 150

[97624] 23.05.2019 16:42:59 
Starting new HTTPS connection (1): demo.epay.bg:443

[97624] 23.05.2019 16:42:59 
https://demo.epay.bg:443 "GET /xdev/api/api/code/get?APPID=6609898197243081281733444125044765054179316360618564706359682755&DEVICEID=kagit_1501239461&KEY=15780547 HTTP/1.1" 200 148

[46819] 23.05.2019 16:43:07 
Create new user START: kagit

[46819] 23.05.2019 16:43:07 
USER REDIRECTED TO EPAY: kagit

[46819] 23.05.2019 16:43:08 
Starting new HTTPS connection (1): demo.epay.bg:443

[46819] 23.05.2019 16:43:08 
https://demo.epay.bg:443 "GET /xdev/api/api/code/get?APPID=6609898197243081281733444125044765054179316360618564706359682755&DEVICEID=kagit_5627609621&KEY=17088086 HTTP/1.1" 200 148

[46819] 23.05.2019 16:43:11 
Starting new HTTPS connection (1): demo.epay.bg:443

[46819] 23.05.2019 16:43:11 
https://demo.epay.bg:443 "GET /xdev/api/api/code/get?APPID=6609898197243081281733444125044765054179316360618564706359682755&DEVICEID=kagit_5627609621&KEY=17088086 HTTP/1.1" 200 150

[46819] 23.05.2019 16:43:14 
Starting new HTTPS connection (1): demo.epay.bg:443

[46819] 23.05.2019 16:43:14 
https://demo.epay.bg:443 "GET /xdev/api/api/code/get?APPID=6609898197243081281733444125044765054179316360618564706359682755&DEVICEID=kagit_5627609621&KEY=17088086 HTTP/1.1" 200 149

[46819] 23.05.2019 16:43:17 
Starting new HTTPS connection (1): demo.epay.bg:443

[46819] 23.05.2019 16:43:17 
https://demo.epay.bg:443 "GET /xdev/api/api/code/get?APPID=6609898197243081281733444125044765054179316360618564706359682755&DEVICEID=kagit_5627609621&KEY=17088086 HTTP/1.1" 200 150

[46819] 23.05.2019 16:43:20 
Starting new HTTPS connection (1): demo.epay.bg:443

[46819] 23.05.2019 16:43:20 
https://demo.epay.bg:443 "GET /xdev/api/api/code/get?APPID=6609898197243081281733444125044765054179316360618564706359682755&DEVICEID=kagit_5627609621&KEY=17088086 HTTP/1.1" 200 150

[46819] 23.05.2019 16:43:23 
Starting new HTTPS connection (1): demo.epay.bg:443

[46819] 23.05.2019 16:43:23 
https://demo.epay.bg:443 "GET /xdev/api/api/code/get?APPID=6609898197243081281733444125044765054179316360618564706359682755&DEVICEID=kagit_5627609621&KEY=17088086 HTTP/1.1" 200 149

[46819] 23.05.2019 16:43:26 
Starting new HTTPS connection (1): demo.epay.bg:443

[46819] 23.05.2019 16:43:26 
https://demo.epay.bg:443 "GET /xdev/api/api/code/get?APPID=6609898197243081281733444125044765054179316360618564706359682755&DEVICEID=kagit_5627609621&KEY=17088086 HTTP/1.1" 200 150

[46819] 23.05.2019 16:43:29 
Starting new HTTPS connection (1): demo.epay.bg:443

[46819] 23.05.2019 16:43:29 
https://demo.epay.bg:443 "GET /xdev/api/api/code/get?APPID=6609898197243081281733444125044765054179316360618564706359682755&DEVICEID=kagit_5627609621&KEY=17088086 HTTP/1.1" 200 150

[46819] 23.05.2019 16:43:32 
Starting new HTTPS connection (1): demo.epay.bg:443

[46819] 23.05.2019 16:43:32 
https://demo.epay.bg:443 "GET /xdev/api/api/code/get?APPID=6609898197243081281733444125044765054179316360618564706359682755&DEVICEID=kagit_5627609621&KEY=17088086 HTTP/1.1" 200 148

[46819] 23.05.2019 16:43:35 
Starting new HTTPS connection (1): demo.epay.bg:443

[46819] 23.05.2019 16:43:35 
https://demo.epay.bg:443 "GET /xdev/api/api/code/get?APPID=6609898197243081281733444125044765054179316360618564706359682755&DEVICEID=kagit_5627609621&KEY=17088086 HTTP/1.1" 200 150

[46819] 23.05.2019 16:43:38 
Starting new HTTPS connection (1): demo.epay.bg:443

[46819] 23.05.2019 16:43:39 
https://demo.epay.bg:443 "GET /xdev/api/api/code/get?APPID=6609898197243081281733444125044765054179316360618564706359682755&DEVICEID=kagit_5627609621&KEY=17088086 HTTP/1.1" 200 150

[39014] 23.05.2019 16:43:45 
User login success: kagit

[51725] 23.05.2019 16:47:52 
User login success: kagit

[61409] 23.05.2019 16:54:26 
Create new user START: spaskata

[61409] 23.05.2019 16:54:26 
USER REDIRECTED TO EPAY: spaskata

[61409] 23.05.2019 16:54:26 
Starting new HTTPS connection (1): demo.epay.bg:443

[61409] 23.05.2019 16:54:27 
https://demo.epay.bg:443 "GET /xdev/api/api/code/get?APPID=6609898197243081281733444125044765054179316360618564706359682755&DEVICEID=spaskata_2404538056&KEY=58528657 HTTP/1.1" 200 148

[61409] 23.05.2019 16:54:30 
Starting new HTTPS connection (1): demo.epay.bg:443

[61409] 23.05.2019 16:54:30 
https://demo.epay.bg:443 "GET /xdev/api/api/code/get?APPID=6609898197243081281733444125044765054179316360618564706359682755&DEVICEID=spaskata_2404538056&KEY=58528657 HTTP/1.1" 200 149

[61409] 23.05.2019 16:54:33 
Starting new HTTPS connection (1): demo.epay.bg:443

[61409] 23.05.2019 16:54:33 
https://demo.epay.bg:443 "GET /xdev/api/api/code/get?APPID=6609898197243081281733444125044765054179316360618564706359682755&DEVICEID=spaskata_2404538056&KEY=58528657 HTTP/1.1" 200 150

[59894] 23.05.2019 16:58:26 
User login success: kagit
